0 info it worked if it ends with ok
1 verbose cli [ '/Users/gregdorsainville/.nvm/v0.10.37/bin/node',
1 verbose cli   '/Users/gregdorsainville/.nvm/v0.10.37/bin/npm',
1 verbose cli   'start' ]
2 info using npm@1.4.28
3 info using node@v0.10.37
4 verbose run-script [ 'prestart', 'start', 'poststart' ]
5 info prestart live-polling@0.0.1
6 verbose unsafe-perm in lifecycle true
7 info start live-polling@0.0.1
8 verbose unsafe-perm in lifecycle true
9 info live-polling@0.0.1 Failed to exec start script
10 error live-polling@0.0.1 start: `node app-server.js`
10 error Exit status 8
11 error Failed at the live-polling@0.0.1 start script.
11 error This is most likely a problem with the live-polling package,
11 error not with npm itself.
11 error Tell the author that this fails on your system:
11 error     node app-server.js
11 error You can get their info via:
11 error     npm owner ls live-polling
11 error There is likely additional logging output above.
12 error System Darwin 14.5.0
13 error command "/Users/gregdorsainville/.nvm/v0.10.37/bin/node" "/Users/gregdorsainville/.nvm/v0.10.37/bin/npm" "start"
14 error cwd /Volumes/STORAGE 1/projects/code/bioclock
15 error node -v v0.10.37
16 error npm -v 1.4.28
17 error code ELIFECYCLE
18 verbose exit [ 1, true ]
